[2025-10-19 22:18:32] === NEW REGISTRATION ATTEMPT ===
[2025-10-19 22:18:32] Origin: https://user.gnews.ma
[2025-10-19 22:18:32] IP Address: 197.145.181.251
[2025-10-19 22:18:32] Input validated for user: HOOOST | Email: host6.genius@gmail.com
[2025-10-19 22:18:32] Avatar uploaded: /uploads/avatars/avatar_68f563b8e6b451.66213855.png
[2025-10-19 22:18:32] User uniqueness verified
[2025-10-19 22:18:33] ✅ User created successfully | ID: 147 | Token: 5115068737...
[2025-10-19 22:18:33] ⚠️ REGISTRATION COMPLETE BUT EMAIL FAILED | User ID: 147 | Failed to send email - HTTP 401
[2025-10-19 22:52:46] === NEW REGISTRATION ATTEMPT ===
[2025-10-19 22:52:46] Origin: https://user.gnews.ma
[2025-10-19 22:52:46] IP Address: 197.145.181.251
[2025-10-19 22:52:46] Input validated for user: HOOOOOST | Email: host4.genius@gmail.com
[2025-10-19 22:52:46] Avatar uploaded: /uploads/avatars/avatar_68f56bbe1140b8.06228183.webp
[2025-10-19 22:52:46] User uniqueness verified
[2025-10-19 22:52:46] ✅ User created successfully | ID: 148 | Token: a9cb09a81d...
[2025-10-19 22:52:46] ✅ REGISTRATION COMPLETE | User ID: 148 | Email sent successfully
[2025-10-19 22:56:10] === NEW REGISTRATION ATTEMPT ===
[2025-10-19 22:56:10] Origin: https://user.gnews.ma
[2025-10-19 22:56:10] IP Address: 197.145.181.251
[2025-10-19 22:56:10] Input validated for user: HOST55 | Email: host5.genius@gmail.com
[2025-10-19 22:56:10] Avatar uploaded: /uploads/avatars/avatar_68f56c8aeaa9e6.84332688.webp
[2025-10-19 22:56:10] User uniqueness verified
[2025-10-19 22:56:11] ✅ User created successfully | ID: 149 | Token: 285c8219cd...
[2025-10-19 22:56:11] ✅ REGISTRATION COMPLETE | User ID: 149 | Email sent successfully
[2025-10-20 01:47:52] === NEW REGISTRATION ATTEMPT ===
[2025-10-20 01:47:52] Origin: https://user.gnews.ma
[2025-10-20 01:47:52] IP Address: 197.145.181.251
[2025-10-20 01:47:52] Input validated for user: HOOST | Email: host4.genius@gmail.com
[2025-10-20 01:47:52] Avatar uploaded: /uploads/avatars/avatar_68f594c8919316.38280644.jpg
[2025-10-20 01:47:52] User uniqueness verified
[2025-10-20 01:47:52] ✅ User created successfully | ID: 150 | Token: 881458f44c...
[2025-10-20 01:47:53] ✅ REGISTRATION COMPLETE | User ID: 150 | Email sent successfully
[2025-10-20 01:50:31] === NEW REGISTRATION ATTEMPT ===
[2025-10-20 01:50:31] Origin: https://user.gnews.ma
[2025-10-20 01:50:31] IP Address: 197.145.181.251
[2025-10-20 01:50:31] Input validated for user: HOST5 | Email: host5.genius@gmail.com
[2025-10-20 01:50:31] Avatar uploaded: /uploads/avatars/avatar_68f5956742ed80.61851253.webp
[2025-10-20 01:50:31] User uniqueness verified
[2025-10-20 01:50:31] ✅ User created successfully | ID: 151 | Token: d1830b2ed7...
[2025-10-20 01:50:31] ✅ REGISTRATION COMPLETE | User ID: 151 | Email sent successfully
[2025-10-20 02:00:29] === NEW REGISTRATION ATTEMPT ===
[2025-10-20 02:00:29] Origin: https://user.gnews.ma
[2025-10-20 02:00:29] IP Address: 197.145.181.251
[2025-10-20 02:00:29] Input validated for user: MENDOZA | Email: host6.genius@gmail.com
[2025-10-20 02:00:29] Avatar uploaded: /uploads/avatars/avatar_68f597bd602dc6.63547664.webp
[2025-10-20 02:00:29] User uniqueness verified
[2025-10-20 02:00:29] ✅ User created successfully | ID: 152 | Token: 9ca44e8e38...
[2025-10-20 02:00:30] ✅ REGISTRATION COMPLETE | User ID: 152 | Email sent successfully
[2025-10-20 11:36:23] === NEW REGISTRATION ATTEMPT ===
[2025-10-20 11:36:23] Origin: https://user.gnews.ma
[2025-10-20 11:36:23] IP Address: 196.92.1.66
[2025-10-20 11:36:23] Input validated for user: mrconnect01 | Email: mrxconnectx@gmail.com
[2025-10-20 11:36:23] Avatar uploaded: /uploads/avatars/avatar_68f61eb79f0238.30958567.jpg
[2025-10-20 11:36:23] User uniqueness verified
[2025-10-20 11:36:23] ✅ User created successfully | ID: 153 | Token: 1152d1d684...
[2025-10-20 11:36:24] ✅ REGISTRATION COMPLETE | User ID: 153 | Email sent successfully
